<?xml version="1.0" encoding="UTF-8"?>
<testng-results ignored="1" total="4" passed="3" failed="0" skipped="0">
  <reporter-output>
  </reporter-output>
  <suite started-at="2026-02-26T12:17:35 IST" name="Suite" finished-at="2026-02-26T12:18:32 IST" duration-ms="56545">
    <groups>
      <group name="Purchase">
        <method signature="PurchaseOrder.SubmitOrder(java.util.HashMap)[pri:0, instance:eCommerceSite.PurchaseOrder@7975d1d8]" name="SubmitOrder" class="eCommerceSite.PurchaseOrder"/>
      </group> <!-- Purchase -->
    </groups>
    <test started-at="2026-02-26T12:17:35 IST" name="Validation Test" finished-at="2026-02-26T12:17:58 IST" duration-ms="22841">
      <class name="eCommerceSite.EorrorValidation">
        <test-method is-config="true" signature="launchApplication()[pri:0, instance:eCommerceSite.EorrorValidation@3eb91815]" started-at="2026-02-26T12:17:35 IST" name="launchApplication" finished-at="2026-02-26T12:17:56 IST" duration-ms="20423" status="PASS">
          <reporter-output>
          </reporter-output>
        </test-method> <!-- launchApplication -->
        <test-method signature="LoginErrorValidation()[pri:0, instance:eCommerceSite.EorrorValidation@3eb91815]" started-at="2026-02-26T12:17:56 IST" name="LoginErrorValidation" finished-at="2026-02-26T12:17:58 IST" duration-ms="1711" status="PASS">
          <reporter-output>
          </reporter-output>
        </test-method> <!-- LoginErrorValidation -->
        <test-method is-config="true" signature="tearDown()[pri:0, instance:eCommerceSite.EorrorValidation@3eb91815]" started-at="2026-02-26T12:17:58 IST" name="tearDown" finished-at="2026-02-26T12:17:58 IST" duration-ms="591" status="PASS">
          <reporter-output>
          </reporter-output>
        </test-method> <!-- tearDown -->
      </class> <!-- eCommerceSite.EorrorValidation -->
    </test> <!-- Validation Test -->
    <test started-at="2026-02-26T12:17:35 IST" name="Submit Order Test" finished-at="2026-02-26T12:18:32 IST" duration-ms="56545">
      <class name="eCommerceSite.PurchaseOrder">
        <test-method is-config="true" signature="launchApplication()[pri:0, instance:eCommerceSite.PurchaseOrder@7975d1d8]" started-at="2026-02-26T12:17:36 IST" name="launchApplication" finished-at="2026-02-26T12:17:54 IST" duration-ms="17362" status="PASS">
          <reporter-output>
          </reporter-output>
        </test-method> <!-- launchApplication -->
        <test-method signature="SubmitOrder(java.util.HashMap)[pri:0, instance:eCommerceSite.PurchaseOrder@7975d1d8]" started-at="2026-02-26T12:17:54 IST" name="SubmitOrder" data-provider="getData" finished-at="2026-02-26T12:18:11 IST" duration-ms="17524" status="PASS">
          <params>
            <param index="0">
              <value>
                <![CDATA[{password=Rose@12345, item=ZARA COAT 3, email=rosemerry@gmail.com}]]>
              </value>
            </param>
          </params>
          <reporter-output>
          </reporter-output>
        </test-method> <!-- SubmitOrder -->
        <test-method is-config="true" signature="tearDown()[pri:0, instance:eCommerceSite.PurchaseOrder@7975d1d8]" started-at="2026-02-26T12:18:11 IST" name="tearDown" finished-at="2026-02-26T12:18:12 IST" duration-ms="671" status="PASS">
          <reporter-output>
          </reporter-output>
        </test-method> <!-- tearDown -->
        <test-method is-config="true" signature="launchApplication()[pri:0, instance:eCommerceSite.PurchaseOrder@7975d1d8]" started-at="2026-02-26T12:18:12 IST" name="launchApplication" finished-at="2026-02-26T12:18:15 IST" duration-ms="3378" status="PASS">
          <reporter-output>
          </reporter-output>
        </test-method> <!-- launchApplication -->
        <test-method signature="SubmitOrder(java.util.HashMap)[pri:0, instance:eCommerceSite.PurchaseOrder@7975d1d8]" started-at="2026-02-26T12:18:15 IST" name="SubmitOrder" data-provider="getData" finished-at="2026-02-26T12:18:31 IST" duration-ms="16051" status="PASS">
          <params>
            <param index="0">
              <value>
                <![CDATA[{password=JohnFoe@123, item=ADIDAS ORIGINAL, email=johnfoe@gmail.com}]]>
              </value>
            </param>
          </params>
          <reporter-output>
          </reporter-output>
        </test-method> <!-- SubmitOrder -->
        <test-method is-config="true" signature="tearDown()[pri:0, instance:eCommerceSite.PurchaseOrder@7975d1d8]" started-at="2026-02-26T12:18:31 IST" name="tearDown" finished-at="2026-02-26T12:18:32 IST" duration-ms="640" status="PASS">
          <reporter-output>
          </reporter-output>
        </test-method> <!-- tearDown -->
      </class> <!-- eCommerceSite.PurchaseOrder -->
    </test> <!-- Submit Order Test -->
  </suite> <!-- Suite -->
</testng-results>
