<?xml version="1.0" encoding="UTF-8"?>
<!-- Generated by org.testng.reporters.JUnitReportReporter -->
<testsuite hostname="DESKTOP-O08QPAT" failures="0" tests="3" name="eCommerceSite.PurchaseOrder" time="55.626" errors="0" timestamp="2026-02-26T12:18:33 IST" skipped="1">
  <testcase classname="eCommerceSite.PurchaseOrder" name="SubmitOrder" time="34.053"/>
  <testcase classname="eCommerceSite.PurchaseOrder" name="SubmitOrder" time="21.573"/>
  <testcase classname="eCommerceSite.PurchaseOrder" name="DisplayOrderList">
    <skipped/>
  </testcase> <!-- DisplayOrderList -->
</testsuite> <!-- eCommerceSite.PurchaseOrder -->
